<?xml version="1.0" encoding="UTF-8"?>
<testsuite xmlns:xsi="http://www.w3.org/2001/XMLSchema-instance" xsi:noNamespaceSchemaLocation="https://maven.apache.org/surefire/maven-surefire-plugin/xsd/surefire-test-report.xsd" version="3.0.2" name="bstack_package.TestRunner" time="265.924" tests="9" errors="0" skipped="0" failures="0">
  <properties>
[...]
</properties>
  <testcase name="successfull Login to BStack demo" classname="BStack demo" time="15.391">
    <system-out><![CDATA[
&amp#27;[1mScenario:&amp#27;[22m successfull Login to BStack demo     &amp#27;[90m# file:///C:/Users/nitis/OneDrive/Desktop/java%2024/capstoneproject1/src/test/resources/features/0login.feature:2&amp#27;[39m
  &amp#27;[32mâœ”&amp#27;[39m &amp#27;[32m&amp#27;[1mGiven &amp#27;[22mUser is in  BStack demo login page&amp#27;[39m   &amp#27;[90m# bstack_package.bstack_logintest.user_is_in_bstack_demo_login_page()&amp#27;[39m
  &amp#27;[32mâœ”&amp#27;[39m &amp#27;[32m&amp#27;[1mThen &amp#27;[22mUser should be redirected to homepage&amp#27;[39m &amp#27;[90m# bstack_package.bstack_logintest.user_should_be_redirected_to_homepage()&amp#27;[39m
]]></system-out>
    <system-err><![CDATA[Sep 07, 2025 10:37:31 AM org.openqa.selenium.devtools.CdpVersionFinder findNearestMatch
WARNING: Unable to find CDP implementation matching 139
Sep 07, 2025 10:37:31 AM org.openqa.selenium.chromium.ChromiumDriver lambda$new$5
WARNING: Unable to find version of CDP to use for 139.0.7258.155. You may need to include a dependency on a specific version of the CDP using something similar to `org.seleniumhq.selenium:selenium-devtools-v86:4.22.0` where the version ("v86") matches the version of the chromium-based browser you're using and the version number of the artifact is the same as Selenium's.
]]></system-err>
  </testcase>
  <testcase name="Successful product search in BStack demo" classname="BStack demo Search" time="9.73">
    <system-out><![CDATA[
&amp#27;[1mScenario:&amp#27;[22m Successful product search in BStack demo &amp#27;[90m# file:///C:/Users/nitis/OneDrive/Desktop/java%2024/capstoneproject1/src/test/resources/features/1search.feature:2&amp#27;[39m
  &amp#27;[32mâœ”&amp#27;[39m &amp#27;[32m&amp#27;[1mGiven &amp#27;[22mUser is on BStack demo home page&amp#27;[39m         &amp#27;[90m# bstack_package.bstack_searchtest.user_is_on_bstack_demo_home_page()&amp#27;[39m
  &amp#27;[32mâœ”&amp#27;[39m &amp#27;[32m&amp#27;[1mWhen &amp#27;[22mEnter product name in search bar&amp#27;[39m          &amp#27;[90m# bstack_package.bstack_searchtest.enter_product_name_in_search_bar()&amp#27;[39m
  &amp#27;[32mâœ”&amp#27;[39m &amp#27;[32m&amp#27;[1mThen &amp#27;[22mSearch results should be displayed&amp#27;[39m        &amp#27;[90m# bstack_package.bstack_searchtest.search_results_should_be_displayed()&amp#27;[39m
]]></system-out>
    <system-err><![CDATA[Sep 07, 2025 10:37:45 AM org.openqa.selenium.devtools.CdpVersionFinder findNearestMatch
WARNING: Unable to find CDP implementation matching 139
Sep 07, 2025 10:37:45 AM org.openqa.selenium.chromium.ChromiumDriver lambda$new$5
WARNING: Unable to find version of CDP to use for 139.0.7258.155. You may need to include a dependency on a specific version of the CDP using something similar to `org.seleniumhq.selenium:selenium-devtools-v86:4.22.0` where the version ("v86") matches the version of the chromium-based browser you're using and the version number of the artifact is the same as Selenium's.
]]></system-err>
  </testcase>
  <testcase name="Successfully add a product to cart" classname="BStack demo Add to Cart" time="73.51">
    <system-out><![CDATA[
&amp#27;[1mScenario:&amp#27;[22m Successfully add a product to cart                     &amp#27;[90m# file:///C:/Users/nitis/OneDrive/Desktop/java%2024/capstoneproject1/src/test/resources/features/2addtocart.feature:2&amp#27;[39m
  &amp#27;[32mâœ”&amp#27;[39m &amp#27;[32m&amp#27;[1mGiven &amp#27;[22mUser launches BStack demo home page for adding product&amp#27;[39m &amp#27;[90m# bstack_package.bstack_addtocart.user_launches_bstack_demo_home_page_for_adding_product()&amp#27;[39m
  &amp#27;[32mâœ”&amp#27;[39m &amp#27;[32m&amp#27;[1mWhen &amp#27;[22mSearch for a product in search bar&amp#27;[39m                      &amp#27;[90m# bstack_package.bstack_addtocart.search_for_a_product_in_search_bar()&amp#27;[39m
  &amp#27;[32mâœ”&amp#27;[39m &amp#27;[32m&amp#27;[1mAnd &amp#27;[22mAdd the product to the cart&amp#27;[39m                              &amp#27;[90m# bstack_package.bstack_addtocart.add_the_product_to_the_cart()&amp#27;[39m
  &amp#27;[32mâœ”&amp#27;[39m &amp#27;[32m&amp#27;[1mThen &amp#27;[22mSuccessfully added to cart&amp#27;[39m                              &amp#27;[90m# bstack_package.bstack_addtocart.successfully_added_to_cart()&amp#27;[39m
]]></system-out>
    <system-err><![CDATA[Sep 07, 2025 10:37:55 AM org.openqa.selenium.devtools.CdpVersionFinder findNearestMatch
WARNING: Unable to find CDP implementation matching 139
Sep 07, 2025 10:37:55 AM org.openqa.selenium.chromium.ChromiumDriver lambda$new$5
WARNING: Unable to find version of CDP to use for 139.0.7258.155. You may need to include a dependency on a specific version of the CDP using something similar to `org.seleniumhq.selenium:selenium-devtools-v86:4.22.0` where the version ("v86") matches the version of the chromium-based browser you're using and the version number of the artifact is the same as Selenium's.
]]></system-err>
  </testcase>
  <testcase name="Successfully delete a product from cart" classname="BStack demo Delete from Cart" time="75.17">
    <system-out><![CDATA[
&amp#27;[1mScenario:&amp#27;[22m Successfully delete a product from cart     &amp#27;[90m# file:///C:/Users/nitis/OneDrive/Desktop/java%2024/capstoneproject1/src/test/resources/features/3deletefromcart.feature:2&amp#27;[39m
  &amp#27;[32mâœ”&amp#27;[39m &amp#27;[32m&amp#27;[1mGiven &amp#27;[22mUser is on BStack demo home page for delete&amp#27;[39m &amp#27;[90m# bstack_package.bstack_deletefromcart.user_is_on_bstack_demo_home_page_for_delete()&amp#27;[39m
  &amp#27;[32mâœ”&amp#27;[39m &amp#27;[32m&amp#27;[1mWhen &amp#27;[22mSearch and select a product for delete&amp#27;[39m       &amp#27;[90m# bstack_package.bstack_deletefromcart.search_and_select_a_product_for_delete()&amp#27;[39m
  &amp#27;[32mâœ”&amp#27;[39m &amp#27;[32m&amp#27;[1mAnd &amp#27;[22mAdd the product to the cart for delete&amp#27;[39m        &amp#27;[90m# bstack_package.bstack_deletefromcart.add_the_product_to_the_cart_for_delete()&amp#27;[39m
  &amp#27;[32mâœ”&amp#27;[39m &amp#27;[32m&amp#27;[1mAnd &amp#27;[22mRemove the product from the cart&amp#27;[39m              &amp#27;[90m# bstack_package.bstack_deletefromcart.remove_the_product_from_the_cart()&amp#27;[39m
  &amp#27;[32mâœ”&amp#27;[39m &amp#27;[32m&amp#27;[1mThen &amp#27;[22mSuccessfully deleted from cart&amp#27;[39m               &amp#27;[90m# bstack_package.bstack_deletefromcart.successfully_deleted_from_cart()&amp#27;[39m
]]></system-out>
    <system-err><![CDATA[Sep 07, 2025 10:39:09 AM org.openqa.selenium.devtools.CdpVersionFinder findNearestMatch
WARNING: Unable to find CDP implementation matching 139
Sep 07, 2025 10:39:09 AM org.openqa.selenium.chromium.ChromiumDriver lambda$new$5
WARNING: Unable to find version of CDP to use for 139.0.7258.155. You may need to include a dependency on a specific version of the CDP using something similar to `org.seleniumhq.selenium:selenium-devtools-v86:4.22.0` where the version ("v86") matches the version of the chromium-based browser you're using and the version number of the artifact is the same as Selenium's.
]]></system-err>
  </testcase>
  <testcase name="Complete checkout flow" classname="Checkout functionality" time="24.275">
    <system-out><![CDATA[
&amp#27;[1mScenario:&amp#27;[22m Complete checkout flow               &amp#27;[90m# file:///C:/Users/nitis/OneDrive/Desktop/java%2024/capstoneproject1/src/test/resources/features/4checkout.feature:3&amp#27;[39m
  &amp#27;[32mâœ”&amp#27;[39m &amp#27;[32m&amp#27;[1mGiven &amp#27;[22mUser opens sign-in page for checkout&amp#27;[39m &amp#27;[90m# bstack_package.bstack_checkout.user_opens_sign_in_page_for_checkout()&amp#27;[39m
  &amp#27;[32mâœ”&amp#27;[39m &amp#27;[32m&amp#27;[1mWhen &amp#27;[22mUser signs in for checkout&amp#27;[39m            &amp#27;[90m# bstack_package.bstack_checkout.user_signs_in_for_checkout()&amp#27;[39m
  &amp#27;[32mâœ”&amp#27;[39m &amp#27;[32m&amp#27;[1mAnd &amp#27;[22mUser searches a product to buy&amp#27;[39m         &amp#27;[90m# bstack_package.bstack_checkout.user_searches_a_product_to_buy()&amp#27;[39m
  &amp#27;[32mâœ”&amp#27;[39m &amp#27;[32m&amp#27;[1mAnd &amp#27;[22mUser adds the product to cart&amp#27;[39m          &amp#27;[90m# bstack_package.bstack_checkout.user_adds_the_product_to_cart()&amp#27;[39m
  &amp#27;[32mâœ”&amp#27;[39m &amp#27;[32m&amp#27;[1mAnd &amp#27;[22mUser clicks on checkout&amp#27;[39m                &amp#27;[90m# bstack_package.bstack_checkout.user_clicks_on_checkout()&amp#27;[39m
  &amp#27;[32mâœ”&amp#27;[39m &amp#27;[32m&amp#27;[1mAnd &amp#27;[22mUser provides shipping details&amp#27;[39m         &amp#27;[90m# bstack_package.bstack_checkout.user_provides_shipping_details()&amp#27;[39m
  &amp#27;[32mâœ”&amp#27;[39m &amp#27;[32m&amp#27;[1mAnd &amp#27;[22mUser submits the checkout form&amp#27;[39m         &amp#27;[90m# bstack_package.bstack_checkout.user_submits_the_checkout_form()&amp#27;[39m
âœ… Order placed successfully!
  &amp#27;[32mâœ”&amp#27;[39m &amp#27;[32m&amp#27;[1mThen &amp#27;[22mOrder should be placed successfully&amp#27;[39m   &amp#27;[90m# bstack_package.bstack_checkout.order_should_be_placed_successfully()&amp#27;[39m
]]></system-out>
    <system-err><![CDATA[Sep 07, 2025 10:40:25 AM org.openqa.selenium.devtools.CdpVersionFinder findNearestMatch
WARNING: Unable to find CDP implementation matching 139
Sep 07, 2025 10:40:25 AM org.openqa.selenium.chromium.ChromiumDriver lambda$new$5
WARNING: Unable to find version of CDP to use for 139.0.7258.155. You may need to include a dependency on a specific version of the CDP using something similar to `org.seleniumhq.selenium:selenium-devtools-v86:4.22.0` where the version ("v86") matches the version of the chromium-based browser you're using and the version number of the artifact is the same as Selenium's.
]]></system-err>
  </testcase>
  <testcase name="View past orders" classname="Orders history" time="16.74">
    <system-out><![CDATA[
&amp#27;[1mScenario:&amp#27;[22m View past orders                       &amp#27;[90m# file:///C:/Users/nitis/OneDrive/Desktop/java%2024/capstoneproject1/src/test/resources/features/5orders.feature:2&amp#27;[39m
  &amp#27;[32mâœ”&amp#27;[39m &amp#27;[32m&amp#27;[1mGiven &amp#27;[22mUser opens sign-in page to view orders&amp#27;[39m &amp#27;[90m# bstack_package.bstack_orders.user_opens_sign_in_page_to_view_orders()&amp#27;[39m
  &amp#27;[32mâœ”&amp#27;[39m &amp#27;[32m&amp#27;[1mWhen &amp#27;[22mUser signs in for orders page&amp#27;[39m           &amp#27;[90m# bstack_package.bstack_orders.user_signs_in_for_orders_page()&amp#27;[39m
  &amp#27;[32mâœ”&amp#27;[39m &amp#27;[32m&amp#27;[1mAnd &amp#27;[22mUser navigates to Orders section&amp#27;[39m         &amp#27;[90m# bstack_package.bstack_orders.user_navigates_to_orders_section()&amp#27;[39m
  &amp#27;[32mâœ”&amp#27;[39m &amp#27;[32m&amp#27;[1mThen &amp#27;[22mOrders list should be visible&amp#27;[39m           &amp#27;[90m# bstack_package.bstack_orders.orders_list_should_be_visible()&amp#27;[39m
]]></system-out>
    <system-err><![CDATA[Sep 07, 2025 10:40:48 AM org.openqa.selenium.devtools.CdpVersionFinder findNearestMatch
WARNING: Unable to find CDP implementation matching 139
Sep 07, 2025 10:40:48 AM org.openqa.selenium.chromium.ChromiumDriver lambda$new$5
WARNING: Unable to find version of CDP to use for 139.0.7258.155. You may need to include a dependency on a specific version of the CDP using something similar to `org.seleniumhq.selenium:selenium-devtools-v86:4.22.0` where the version ("v86") matches the version of the chromium-based browser you're using and the version number of the artifact is the same as Selenium's.
]]></system-err>
  </testcase>
  <testcase name="Add item to favourites and open favourites page" classname="Favourites management" time="17.422">
    <system-out><![CDATA[
&amp#27;[1mScenario:&amp#27;[22m Add item to favourites and open favourites page &amp#27;[90m# file:///C:/Users/nitis/OneDrive/Desktop/java%2024/capstoneproject1/src/test/resources/features/6favourites.feature:3&amp#27;[39m
  &amp#27;[32mâœ”&amp#27;[39m &amp#27;[32m&amp#27;[1mGiven &amp#27;[22mUser opens sign-in page for favourites&amp#27;[39m          &amp#27;[90m# bstack_package.bstack_favourites.user_opens_sign_in_page_for_favourites()&amp#27;[39m
  &amp#27;[32mâœ”&amp#27;[39m &amp#27;[32m&amp#27;[1mWhen &amp#27;[22mUser signs in to manage favourites&amp#27;[39m               &amp#27;[90m# bstack_package.bstack_favourites.user_signs_in_to_manage_favourites()&amp#27;[39m
  &amp#27;[32mâœ”&amp#27;[39m &amp#27;[32m&amp#27;[1mAnd &amp#27;[22mUser marks the first product as favourite&amp#27;[39m         &amp#27;[90m# bstack_package.bstack_favourites.user_marks_the_first_product_as_favourite()&amp#27;[39m
  &amp#27;[32mâœ”&amp#27;[39m &amp#27;[32m&amp#27;[1mAnd &amp#27;[22mUser opens the Favourites page&amp#27;[39m                    &amp#27;[90m# bstack_package.bstack_favourites.user_opens_the_favourites_page()&amp#27;[39m
  &amp#27;[32mâœ”&amp#27;[39m &amp#27;[32m&amp#27;[1mThen &amp#27;[22mFavourites should display without errors&amp#27;[39m         &amp#27;[90m# bstack_package.bstack_favourites.favourites_should_display_without_errors()&amp#27;[39m
]]></system-out>
    <system-err><![CDATA[Sep 07, 2025 10:41:05 AM org.openqa.selenium.devtools.CdpVersionFinder findNearestMatch
WARNING: Unable to find CDP implementation matching 139
Sep 07, 2025 10:41:05 AM org.openqa.selenium.chromium.ChromiumDriver lambda$new$5
WARNING: Unable to find version of CDP to use for 139.0.7258.155. You may need to include a dependency on a specific version of the CDP using something similar to `org.seleniumhq.selenium:selenium-devtools-v86:4.22.0` where the version ("v86") matches the version of the chromium-based browser you're using and the version number of the artifact is the same as Selenium's.
]]></system-err>
  </testcase>
  <testcase name="Browse offers after login" classname="Special offers" time="16.325">
    <system-out><![CDATA[
&amp#27;[1mScenario:&amp#27;[22m Browse offers after login             &amp#27;[90m# file:///C:/Users/nitis/OneDrive/Desktop/java%2024/capstoneproject1/src/test/resources/features/7offers.feature:3&amp#27;[39m
  &amp#27;[32mâœ”&amp#27;[39m &amp#27;[32m&amp#27;[1mGiven &amp#27;[22mUser opens sign-in page to see offers&amp#27;[39m &amp#27;[90m# bstack_package.bstack_offers.user_opens_sign_in_page_to_see_offers()&amp#27;[39m
  &amp#27;[32mâœ”&amp#27;[39m &amp#27;[32m&amp#27;[1mWhen &amp#27;[22mUser logs in for offers&amp#27;[39m                &amp#27;[90m# bstack_package.bstack_offers.user_logs_in_for_offers()&amp#27;[39m
  &amp#27;[32mâœ”&amp#27;[39m &amp#27;[32m&amp#27;[1mAnd &amp#27;[22mUser opens the Offers page&amp#27;[39m              &amp#27;[90m# bstack_package.bstack_offers.user_opens_the_offers_page()&amp#27;[39m
  &amp#27;[32mâœ”&amp#27;[39m &amp#27;[32m&amp#27;[1mThen &amp#27;[22mOffers content should appear&amp#27;[39m           &amp#27;[90m# bstack_package.bstack_offers.offers_content_should_appear()&amp#27;[39m
]]></system-out>
    <system-err><![CDATA[Sep 07, 2025 10:41:23 AM org.openqa.selenium.devtools.CdpVersionFinder findNearestMatch
WARNING: Unable to find CDP implementation matching 139
Sep 07, 2025 10:41:23 AM org.openqa.selenium.chromium.ChromiumDriver lambda$new$5
WARNING: Unable to find version of CDP to use for 139.0.7258.155. You may need to include a dependency on a specific version of the CDP using something similar to `org.seleniumhq.selenium:selenium-devtools-v86:4.22.0` where the version ("v86") matches the version of the chromium-based browser you're using and the version number of the artifact is the same as Selenium's.
]]></system-err>
  </testcase>
  <testcase name="Logout after successful login" classname="Logout" time="16.3">
    <system-out><![CDATA[
&amp#27;[1mScenario:&amp#27;[22m Logout after successful login         &amp#27;[90m# file:///C:/Users/nitis/OneDrive/Desktop/java%2024/capstoneproject1/src/test/resources/features/8logout.feature:3&amp#27;[39m
  &amp#27;[32mâœ”&amp#27;[39m &amp#27;[32m&amp#27;[1mGiven &amp#27;[22mUser opens sign-in page for logout&amp#27;[39m    &amp#27;[90m# bstack_package.bstack_logout.user_opens_sign_in_page_for_logout()&amp#27;[39m
  &amp#27;[32mâœ”&amp#27;[39m &amp#27;[32m&amp#27;[1mWhen &amp#27;[22mUser signs in to prepare logout&amp#27;[39m        &amp#27;[90m# bstack_package.bstack_logout.user_signs_in_to_prepare_logout()&amp#27;[39m
  &amp#27;[32mâœ”&amp#27;[39m &amp#27;[32m&amp#27;[1mAnd &amp#27;[22mUser clicks logout action&amp#27;[39m               &amp#27;[90m# bstack_package.bstack_logout.user_clicks_logout_action()&amp#27;[39m
  &amp#27;[32mâœ”&amp#27;[39m &amp#27;[32m&amp#27;[1mThen &amp#27;[22mUser should be logged out successfully&amp#27;[39m &amp#27;[90m# bstack_package.bstack_logout.user_should_be_logged_out_successfully()&amp#27;[39m
]]></system-out>
    <system-err><![CDATA[Sep 07, 2025 10:41:39 AM org.openqa.selenium.devtools.CdpVersionFinder findNearestMatch
WARNING: Unable to find CDP implementation matching 139
Sep 07, 2025 10:41:39 AM org.openqa.selenium.chromium.ChromiumDriver lambda$new$5
WARNING: Unable to find version of CDP to use for 139.0.7258.155. You may need to include a dependency on a specific version of the CDP using something similar to `org.seleniumhq.selenium:selenium-devtools-v86:4.22.0` where the version ("v86") matches the version of the chromium-based browser you're using and the version number of the artifact is the same as Selenium's.
]]></system-err>
  </testcase>
</testsuite>